This is pdfTeX, Version 3.141592653-2.6-1.40.25 (TeX Live 2023) (preloaded format=pdflatex 2023.11.4)  15 MAR 2024 14:30
entering extended mode
 restricted \write18 enabled.
 file:line:error style messages enabled.
 %&-line parsing enabled.
**c:/Users/quentincanu/Desktop/Enseignement/Cours/Secondes/SNT/Photo/Activite/15_03_2024/15_03_2024.tex
(c:/Users/quentincanu/Desktop/Enseignement/Cours/Secondes/SNT/Photo/Activite/15_03_2024/15_03_2024.tex
LaTeX2e <2023-11-01>
L3 programming layer <2023-11-01>
(c:/texlive/2023/texmf-dist/tex/latex/base/article.cls
Document Class: article 2023/05/17 v1.4n Standard LaTeX document class
(c:/texlive/2023/texmf-dist/tex/latex/base/size10.clo
File: size10.clo 2023/05/17 v1.4n Standard LaTeX file (size option)
)
\c@part=\count186
\c@section=\count187
\c@subsection=\count188
\c@subsubsection=\count189
\c@paragraph=\count190
\c@subparagraph=\count191
\c@figure=\count192
\c@table=\count193
\abovecaptionskip=\skip48
\belowcaptionskip=\skip49
\bibindent=\dimen140
) (c:/texlive/texmf-local/tex/latex/local/main.sty
Package: main 
 (c:/texlive/2023/texmf-dist/tex/latex/base/fontenc.sty
Package: fontenc 2021/04/29 v2.0v Standard LaTeX package
) (c:/texlive/2023/texmf-dist/tex/generic/babel/babel.sty
Package: babel 2023/10/25 v3.96 The Babel package
\babel@savecnt=\count194
\U@D=\dimen141
\l@unhyphenated=\language25
 (c:/texlive/2023/texmf-dist/tex/generic/babel/txtbabel.def)
\bbl@readstream=\read2
\bbl@dirlevel=\count195
 (c:/texlive/2023/texmf-dist/tex/generic/babel-french/french.ldf
Language: french 2023/03/08 v3.5q French support from the babel system
Package babel Info: Hyphen rules for 'acadian' set to \l@french
(babel)             (\language13). Reported on input line 91.
Package babel Info: Hyphen rules for 'canadien' set to \l@french
(babel)             (\language13). Reported on input line 92.
\FB@nonchar=\count196
Package babel Info: Making : an active character on input line 395.
Package babel Info: Making ; an active character on input line 396.
Package babel Info: Making ! an active character on input line 397.
Package babel Info: Making ? an active character on input line 398.
\FBguill@level=\count197
\FBold@everypar=\toks17
\FB@Mht=\dimen142
\mc@charclass=\count198
\mc@charfam=\count199
\mc@charslot=\count266
\std@mcc=\count267
\dec@mcc=\count268
\FB@parskip=\dimen143
\listindentFB=\dimen144
\descindentFB=\dimen145
\labelindentFB=\dimen146
\labelwidthFB=\dimen147
\leftmarginFB=\dimen148
\parindentFFN=\dimen149
\FBfnindent=\dimen150
)) (c:/texlive/2023/texmf-dist/tex/generic/babel/locale/fr/babel-french.tex
Package babel Info: Importing font and identification data for french
(babel)             from babel-fr.ini. Reported on input line 11.
) (c:/texlive/2023/texmf-dist/tex/latex/carlisle/scalefnt.sty) (c:/texlive/2023/texmf-dist/tex/latex/graphics/keyval.sty
Package: keyval 2022/05/29 v1.15 key=value parser (DPC)
\KV@toks@=\toks18
) (c:/texlive/2023/texmf-dist/tex/latex/mathtools/mathtools.sty
Package: mathtools 2022/06/29 v1.29 mathematical typesetting tools
 (c:/texlive/2023/texmf-dist/tex/latex/tools/calc.sty
Package: calc 2023/07/08 v4.3 Infix arithmetic (KKT,FJ)
\calc@Acount=\count269
\calc@Bcount=\count270
\calc@Adimen=\dimen151
\calc@Bdimen=\dimen152
\calc@Askip=\skip50
\calc@Bskip=\skip51
LaTeX Info: Redefining \setlength on input line 80.
LaTeX Info: Redefining \addtolength on input line 81.
\calc@Ccount=\count271
\calc@Cskip=\skip52
) (c:/texlive/2023/texmf-dist/tex/latex/mathtools/mhsetup.sty
Package: mhsetup 2021/03/18 v1.4 programming setup (MH)
) (c:/texlive/2023/texmf-dist/tex/latex/amsmath/amsmath.sty
Package: amsmath 2023/05/13 v2.17o AMS math features
\@mathmargin=\skip53

For additional information on amsmath, use the `?' option.
(c:/texlive/2023/texmf-dist/tex/latex/amsmath/amstext.sty
Package: amstext 2021/08/26 v2.01 AMS text
 (c:/texlive/2023/texmf-dist/tex/latex/amsmath/amsgen.sty
File: amsgen.sty 1999/11/30 v2.0 generic functions
\@emptytoks=\toks19
\ex@=\dimen153
)) (c:/texlive/2023/texmf-dist/tex/latex/amsmath/amsbsy.sty
Package: amsbsy 1999/11/29 v1.2d Bold Symbols
\pmbraise@=\dimen154
) (c:/texlive/2023/texmf-dist/tex/latex/amsmath/amsopn.sty
Package: amsopn 2022/04/08 v2.04 operator names
)
\inf@bad=\count272
LaTeX Info: Redefining \frac on input line 234.
\uproot@=\count273
\leftroot@=\count274
LaTeX Info: Redefining \overline on input line 399.
LaTeX Info: Redefining \colon on input line 410.
\classnum@=\count275
\DOTSCASE@=\count276
LaTeX Info: Redefining \ldots on input line 496.
LaTeX Info: Redefining \dots on input line 499.
LaTeX Info: Redefining \cdots on input line 620.
\Mathstrutbox@=\box51
\strutbox@=\box52
LaTeX Info: Redefining \big on input line 722.
LaTeX Info: Redefining \Big on input line 723.
LaTeX Info: Redefining \bigg on input line 724.
LaTeX Info: Redefining \Bigg on input line 725.
\big@size=\dimen155
LaTeX Font Info:    Redeclaring font encoding OML on input line 743.
LaTeX Font Info:    Redeclaring font encoding OMS on input line 744.
\macc@depth=\count277
LaTeX Info: Redefining \bmod on input line 905.
LaTeX Info: Redefining \pmod on input line 910.
LaTeX Info: Redefining \smash on input line 940.
LaTeX Info: Redefining \relbar on input line 970.
LaTeX Info: Redefining \Relbar on input line 971.
\c@MaxMatrixCols=\count278
\dotsspace@=\muskip16
\c@parentequation=\count279
\dspbrk@lvl=\count280
\tag@help=\toks20
\row@=\count281
\column@=\count282
\maxfields@=\count283
\andhelp@=\toks21
\eqnshift@=\dimen156
\alignsep@=\dimen157
\tagshift@=\dimen158
\tagwidth@=\dimen159
\totwidth@=\dimen160
\lineht@=\dimen161
\@envbody=\toks22
\multlinegap=\skip54
\multlinetaggap=\skip55
\mathdisplay@stack=\toks23
LaTeX Info: Redefining \[ on input line 2953.
LaTeX Info: Redefining \] on input line 2954.
)
\g_MT_multlinerow_int=\count284
\l_MT_multwidth_dim=\dimen162
\origjot=\skip56
\l_MT_shortvdotswithinadjustabove_dim=\dimen163
\l_MT_shortvdotswithinadjustbelow_dim=\dimen164
\l_MT_above_intertext_sep=\dimen165
\l_MT_below_intertext_sep=\dimen166
\l_MT_above_shortintertext_sep=\dimen167
\l_MT_below_shortintertext_sep=\dimen168
\xmathstrut@box=\box53
\xmathstrut@dim=\dimen169
) (c:/texlive/2023/texmf-dist/tex/latex/amsfonts/amssymb.sty
Package: amssymb 2013/01/14 v3.01 AMS font symbols
 (c:/texlive/2023/texmf-dist/tex/latex/amsfonts/amsfonts.sty
Package: amsfonts 2013/01/14 v3.01 Basic AMSFonts support
\symAMSa=\mathgroup4
\symAMSb=\mathgroup5
LaTeX Font Info:    Redeclaring math symbol \hbar on input line 98.
LaTeX Font Info:    Overwriting math alphabet `\mathfrak' in version `bold'
(Font)                  U/euf/m/n --> U/euf/b/n on input line 106.
)) (c:/texlive/2023/texmf-dist/tex/latex/amscls/amsthm.sty
Package: amsthm 2020/05/29 v2.20.6
\thm@style=\toks24
\thm@bodyfont=\toks25
\thm@headfont=\toks26
\thm@notefont=\toks27
\thm@headpunct=\toks28
\thm@preskip=\skip57
\thm@postskip=\skip58
\thm@headsep=\skip59
\dth@everypar=\toks29
) (c:/texlive/2023/texmf-dist/tex/latex/enumitem/enumitem.sty
Package: enumitem 2019/06/20 v3.9 Customized lists
\labelindent=\skip60
\enit@outerparindent=\dimen170
\enit@toks=\toks30
\enit@inbox=\box54
\enit@count@id=\count285
\enitdp@description=\count286
) (c:/texlive/2023/texmf-dist/tex/latex/tools/multicol.sty
Package: multicol 2023/03/30 v1.9f multicolumn formatting (FMi)
\c@tracingmulticols=\count287
\mult@box=\box55
\multicol@leftmargin=\dimen171
\c@unbalance=\count288
\c@collectmore=\count289
\doublecol@number=\count290
\multicoltolerance=\count291
\multicolpretolerance=\count292
\full@width=\dimen172
\page@free=\dimen173
\premulticols=\dimen174
\postmulticols=\dimen175
\multicolsep=\skip61
\multicolbaselineskip=\skip62
\partial@page=\box56
\last@line=\box57
\mc@boxedresult=\box58
\maxbalancingoverflow=\dimen176
\mult@rightbox=\box59
\mult@grightbox=\box60
\mult@firstbox=\box61
\mult@gfirstbox=\box62
\@tempa=\box63
\@tempa=\box64
\@tempa=\box65
\@tempa=\box66
\@tempa=\box67
\@tempa=\box68
\@tempa=\box69
\@tempa=\box70
\@tempa=\box71
\@tempa=\box72
\@tempa=\box73
\@tempa=\box74
\@tempa=\box75
\@tempa=\box76
\@tempa=\box77
\@tempa=\box78
\@tempa=\box79
\@tempa=\box80
\@tempa=\box81
\@tempa=\box82
\@tempa=\box83
\@tempa=\box84
\@tempa=\box85
\@tempa=\box86
\@tempa=\box87
\@tempa=\box88
\@tempa=\box89
\@tempa=\box90
\@tempa=\box91
\@tempa=\box92
\@tempa=\box93
\@tempa=\box94
\@tempa=\box95
\@tempa=\box96
\@tempa=\box97
\@tempa=\box98
\c@minrows=\count293
\c@columnbadness=\count294
\c@finalcolumnbadness=\count295
\last@try=\dimen177
\multicolovershoot=\dimen178
\multicolundershoot=\dimen179
\mult@nat@firstbox=\box99
\colbreak@box=\box100
\mc@col@check@num=\count296
) (c:/texlive/2023/texmf-dist/tex/latex/eurosym/eurosym.sty
Package: eurosym 1998/08/06 v1.1 European currency symbol ``Euro''
\@eurobox=\box101
) (c:/texlive/2023/texmf-dist/tex/latex/url/url.sty
\Urlmuskip=\muskip17
Package: url 2013/09/16  ver 3.4  Verb mode for urls, etc.
) (c:/texlive/2023/texmf-dist/tex/latex/pgf/frontendlayer/tikz.sty (c:/texlive/2023/texmf-dist/tex/latex/pgf/basiclayer/pgf.sty (c:/texlive/2023/texmf-dist/tex/latex/pgf/utilities/pgfrcs.sty (c:/texlive/2023/texmf-dist/tex/generic/pgf/utilities/pgfutil-common.tex
\pgfutil@everybye=\toks31
\pgfutil@tempdima=\dimen180
\pgfutil@tempdimb=\dimen181
) (c:/texlive/2023/texmf-dist/tex/generic/pgf/utilities/pgfutil-latex.def
\pgfutil@abb=\box102
) (c:/texlive/2023/texmf-dist/tex/generic/pgf/utilities/pgfrcs.code.tex (c:/texlive/2023/texmf-dist/tex/generic/pgf/pgf.revision.tex)
Package: pgfrcs 2023-01-15 v3.1.10 (3.1.10)
))
Package: pgf 2023-01-15 v3.1.10 (3.1.10)
 (c:/texlive/2023/texmf-dist/tex/latex/pgf/basiclayer/pgfcore.sty (c:/texlive/2023/texmf-dist/tex/latex/graphics/graphicx.sty
Package: graphicx 2021/09/16 v1.2d Enhanced LaTeX Graphics (DPC,SPQR)
 (c:/texlive/2023/texmf-dist/tex/latex/graphics/graphics.sty
Package: graphics 2022/03/10 v1.4e Standard LaTeX Graphics (DPC,SPQR)
 (c:/texlive/2023/texmf-dist/tex/latex/graphics/trig.sty
Package: trig 2021/08/11 v1.11 sin cos tan (DPC)
) (c:/texlive/2023/texmf-dist/tex/latex/graphics-cfg/graphics.cfg
File: graphics.cfg 2016/06/04 v1.11 sample graphics configuration
)
Package graphics Info: Driver file: pdftex.def on input line 107.
 (c:/texlive/2023/texmf-dist/tex/latex/graphics-def/pdftex.def
File: pdftex.def 2022/09/22 v1.2b Graphics/color driver for pdftex
))
\Gin@req@height=\dimen182
\Gin@req@width=\dimen183
) (c:/texlive/2023/texmf-dist/tex/latex/pgf/systemlayer/pgfsys.sty (c:/texlive/2023/texmf-dist/tex/generic/pgf/systemlayer/pgfsys.code.tex
Package: pgfsys 2023-01-15 v3.1.10 (3.1.10)
 (c:/texlive/2023/texmf-dist/tex/generic/pgf/utilities/pgfkeys.code.tex
\pgfkeys@pathtoks=\toks32
\pgfkeys@temptoks=\toks33
 (c:/texlive/2023/texmf-dist/tex/generic/pgf/utilities/pgfkeyslibraryfiltered.code.tex
\pgfkeys@tmptoks=\toks34
))
\pgf@x=\dimen184
\pgf@y=\dimen185
\pgf@xa=\dimen186
\pgf@ya=\dimen187
\pgf@xb=\dimen188
\pgf@yb=\dimen189
\pgf@xc=\dimen190
\pgf@yc=\dimen191
\pgf@xd=\dimen192
\pgf@yd=\dimen193
\w@pgf@writea=\write3
\r@pgf@reada=\read3
\c@pgf@counta=\count297
\c@pgf@countb=\count298
\c@pgf@countc=\count299
\c@pgf@countd=\count300
\t@pgf@toka=\toks35
\t@pgf@tokb=\toks36
\t@pgf@tokc=\toks37
\pgf@sys@id@count=\count301
 (c:/texlive/2023/texmf-dist/tex/generic/pgf/systemlayer/pgf.cfg
File: pgf.cfg 2023-01-15 v3.1.10 (3.1.10)
)
Driver file for pgf: pgfsys-pdftex.def
 (c:/texlive/2023/texmf-dist/tex/generic/pgf/systemlayer/pgfsys-pdftex.def
File: pgfsys-pdftex.def 2023-01-15 v3.1.10 (3.1.10)
 (c:/texlive/2023/texmf-dist/tex/generic/pgf/systemlayer/pgfsys-common-pdf.def
File: pgfsys-common-pdf.def 2023-01-15 v3.1.10 (3.1.10)
))) (c:/texlive/2023/texmf-dist/tex/generic/pgf/systemlayer/pgfsyssoftpath.code.tex
File: pgfsyssoftpath.code.tex 2023-01-15 v3.1.10 (3.1.10)
\pgfsyssoftpath@smallbuffer@items=\count302
\pgfsyssoftpath@bigbuffer@items=\count303
) (c:/texlive/2023/texmf-dist/tex/generic/pgf/systemlayer/pgfsysprotocol.code.tex
File: pgfsysprotocol.code.tex 2023-01-15 v3.1.10 (3.1.10)
)) (c:/texlive/2023/texmf-dist/tex/latex/xcolor/xcolor.sty
Package: xcolor 2022/06/12 v2.14 LaTeX color extensions (UK)
 (c:/texlive/2023/texmf-dist/tex/latex/graphics-cfg/color.cfg
File: color.cfg 2016/01/02 v1.6 sample color configuration
)
Package xcolor Info: Driver file: pdftex.def on input line 227.
 (c:/texlive/2023/texmf-dist/tex/latex/graphics/mathcolor.ltx)
Package xcolor Info: Model `cmy' substituted by `cmy0' on input line 1353.
Package xcolor Info: Model `hsb' substituted by `rgb' on input line 1357.
Package xcolor Info: Model `RGB' extended on input line 1369.
Package xcolor Info: Model `HTML' substituted by `rgb' on input line 1371.
Package xcolor Info: Model `Hsb' substituted by `hsb' on input line 1372.
Package xcolor Info: Model `tHsb' substituted by `hsb' on input line 1373.
Package xcolor Info: Model `HSB' substituted by `hsb' on input line 1374.
Package xcolor Info: Model `Gray' substituted by `gray' on input line 1375.
Package xcolor Info: Model `wave' substituted by `hsb' on input line 1376.
) (c:/texlive/2023/texmf-dist/tex/generic/pgf/basiclayer/pgfcore.code.tex
Package: pgfcore 2023-01-15 v3.1.10 (3.1.10)
 (c:/texlive/2023/texmf-dist/tex/generic/pgf/math/pgfmath.code.tex (c:/texlive/2023/texmf-dist/tex/generic/pgf/math/pgfmathutil.code.tex) (c:/texlive/2023/texmf-dist/tex/generic/pgf/math/pgfmathparser.code.tex
\pgfmath@dimen=\dimen194
\pgfmath@count=\count304
\pgfmath@box=\box103
\pgfmath@toks=\toks38
\pgfmath@stack@operand=\toks39
\pgfmath@stack@operation=\toks40
) (c:/texlive/2023/texmf-dist/tex/generic/pgf/math/pgfmathfunctions.code.tex) (c:/texlive/2023/texmf-dist/tex/generic/pgf/math/pgfmathfunctions.basic.code.tex) (c:/texlive/2023/texmf-dist/tex/generic/pgf/math/pgfmathfunctions.trigonometric.code.tex) (c:/texlive/2023/texmf-dist/tex/generic/pgf/math/pgfmathfunctions.random.code.tex) (c:/texlive/2023/texmf-dist/tex/generic/pgf/math/pgfmathfunctions.comparison.code.tex) (c:/texlive/2023/texmf-dist/tex/generic/pgf/math/pgfmathfunctions.base.code.tex) (c:/texlive/2023/texmf-dist/tex/generic/pgf/math/pgfmathfunctions.round.code.tex) (c:/texlive/2023/texmf-dist/tex/generic/pgf/math/pgfmathfunctions.misc.code.tex) (c:/texlive/2023/texmf-dist/tex/generic/pgf/math/pgfmathfunctions.integerarithmetics.code.tex) (c:/texlive/2023/texmf-dist/tex/generic/pgf/math/pgfmathcalc.code.tex) (c:/texlive/2023/texmf-dist/tex/generic/pgf/math/pgfmathfloat.code.tex
\c@pgfmathroundto@lastzeros=\count305
)) (c:/texlive/2023/texmf-dist/tex/generic/pgf/math/pgfint.code.tex) (c:/texlive/2023/texmf-dist/tex/generic/pgf/basiclayer/pgfcorepoints.code.tex
File: pgfcorepoints.code.tex 2023-01-15 v3.1.10 (3.1.10)
\pgf@picminx=\dimen195
\pgf@picmaxx=\dimen196
\pgf@picminy=\dimen197
\pgf@picmaxy=\dimen198
\pgf@pathminx=\dimen199
\pgf@pathmaxx=\dimen256
\pgf@pathminy=\dimen257
\pgf@pathmaxy=\dimen258
\pgf@xx=\dimen259
\pgf@xy=\dimen260
\pgf@yx=\dimen261
\pgf@yy=\dimen262
\pgf@zx=\dimen263
\pgf@zy=\dimen264
) (c:/texlive/2023/texmf-dist/tex/generic/pgf/basiclayer/pgfcorepathconstruct.code.tex
File: pgfcorepathconstruct.code.tex 2023-01-15 v3.1.10 (3.1.10)
\pgf@path@lastx=\dimen265
\pgf@path@lasty=\dimen266
) (c:/texlive/2023/texmf-dist/tex/generic/pgf/basiclayer/pgfcorepathusage.code.tex
File: pgfcorepathusage.code.tex 2023-01-15 v3.1.10 (3.1.10)
\pgf@shorten@end@additional=\dimen267
\pgf@shorten@start@additional=\dimen268
) (c:/texlive/2023/texmf-dist/tex/generic/pgf/basiclayer/pgfcorescopes.code.tex
File: pgfcorescopes.code.tex 2023-01-15 v3.1.10 (3.1.10)
\pgfpic=\box104
\pgf@hbox=\box105
\pgf@layerbox@main=\box106
\pgf@picture@serial@count=\count306
) (c:/texlive/2023/texmf-dist/tex/generic/pgf/basiclayer/pgfcoregraphicstate.code.tex
File: pgfcoregraphicstate.code.tex 2023-01-15 v3.1.10 (3.1.10)
\pgflinewidth=\dimen269
) (c:/texlive/2023/texmf-dist/tex/generic/pgf/basiclayer/pgfcoretransformations.code.tex
File: pgfcoretransformations.code.tex 2023-01-15 v3.1.10 (3.1.10)
\pgf@pt@x=\dimen270
\pgf@pt@y=\dimen271
\pgf@pt@temp=\dimen272
) (c:/texlive/2023/texmf-dist/tex/generic/pgf/basiclayer/pgfcorequick.code.tex
File: pgfcorequick.code.tex 2023-01-15 v3.1.10 (3.1.10)
) (c:/texlive/2023/texmf-dist/tex/generic/pgf/basiclayer/pgfcoreobjects.code.tex
File: pgfcoreobjects.code.tex 2023-01-15 v3.1.10 (3.1.10)
) (c:/texlive/2023/texmf-dist/tex/generic/pgf/basiclayer/pgfcorepathprocessing.code.tex
File: pgfcorepathprocessing.code.tex 2023-01-15 v3.1.10 (3.1.10)
) (c:/texlive/2023/texmf-dist/tex/generic/pgf/basiclayer/pgfcorearrows.code.tex
File: pgfcorearrows.code.tex 2023-01-15 v3.1.10 (3.1.10)
\pgfarrowsep=\dimen273
) (c:/texlive/2023/texmf-dist/tex/generic/pgf/basiclayer/pgfcoreshade.code.tex
File: pgfcoreshade.code.tex 2023-01-15 v3.1.10 (3.1.10)
\pgf@max=\dimen274
\pgf@sys@shading@range@num=\count307
\pgf@shadingcount=\count308
) (c:/texlive/2023/texmf-dist/tex/generic/pgf/basiclayer/pgfcoreimage.code.tex
File: pgfcoreimage.code.tex 2023-01-15 v3.1.10 (3.1.10)
) (c:/texlive/2023/texmf-dist/tex/generic/pgf/basiclayer/pgfcoreexternal.code.tex
File: pgfcoreexternal.code.tex 2023-01-15 v3.1.10 (3.1.10)
\pgfexternal@startupbox=\box107
) (c:/texlive/2023/texmf-dist/tex/generic/pgf/basiclayer/pgfcorelayers.code.tex
File: pgfcorelayers.code.tex 2023-01-15 v3.1.10 (3.1.10)
) (c:/texlive/2023/texmf-dist/tex/generic/pgf/basiclayer/pgfcoretransparency.code.tex
File: pgfcoretransparency.code.tex 2023-01-15 v3.1.10 (3.1.10)
) (c:/texlive/2023/texmf-dist/tex/generic/pgf/basiclayer/pgfcorepatterns.code.tex
File: pgfcorepatterns.code.tex 2023-01-15 v3.1.10 (3.1.10)
) (c:/texlive/2023/texmf-dist/tex/generic/pgf/basiclayer/pgfcorerdf.code.tex
File: pgfcorerdf.code.tex 2023-01-15 v3.1.10 (3.1.10)
))) (c:/texlive/2023/texmf-dist/tex/generic/pgf/modules/pgfmoduleshapes.code.tex
File: pgfmoduleshapes.code.tex 2023-01-15 v3.1.10 (3.1.10)
\pgfnodeparttextbox=\box108
) (c:/texlive/2023/texmf-dist/tex/generic/pgf/modules/pgfmoduleplot.code.tex
File: pgfmoduleplot.code.tex 2023-01-15 v3.1.10 (3.1.10)
) (c:/texlive/2023/texmf-dist/tex/latex/pgf/compatibility/pgfcomp-version-0-65.sty
Package: pgfcomp-version-0-65 2023-01-15 v3.1.10 (3.1.10)
\pgf@nodesepstart=\dimen275
\pgf@nodesepend=\dimen276
) (c:/texlive/2023/texmf-dist/tex/latex/pgf/compatibility/pgfcomp-version-1-18.sty
Package: pgfcomp-version-1-18 2023-01-15 v3.1.10 (3.1.10)
)) (c:/texlive/2023/texmf-dist/tex/latex/pgf/utilities/pgffor.sty (c:/texlive/2023/texmf-dist/tex/latex/pgf/utilities/pgfkeys.sty (c:/texlive/2023/texmf-dist/tex/generic/pgf/utilities/pgfkeys.code.tex)) (c:/texlive/2023/texmf-dist/tex/latex/pgf/math/pgfmath.sty (c:/texlive/2023/texmf-dist/tex/generic/pgf/math/pgfmath.code.tex)) (c:/texlive/2023/texmf-dist/tex/generic/pgf/utilities/pgffor.code.tex
Package: pgffor 2023-01-15 v3.1.10 (3.1.10)
\pgffor@iter=\dimen277
\pgffor@skip=\dimen278
\pgffor@stack=\toks41
\pgffor@toks=\toks42
)) (c:/texlive/2023/texmf-dist/tex/generic/pgf/frontendlayer/tikz/tikz.code.tex
Package: tikz 2023-01-15 v3.1.10 (3.1.10)
 (c:/texlive/2023/texmf-dist/tex/generic/pgf/libraries/pgflibraryplothandlers.code.tex
File: pgflibraryplothandlers.code.tex 2023-01-15 v3.1.10 (3.1.10)
\pgf@plot@mark@count=\count309
\pgfplotmarksize=\dimen279
)
\tikz@lastx=\dimen280
\tikz@lasty=\dimen281
\tikz@lastxsaved=\dimen282
\tikz@lastysaved=\dimen283
\tikz@lastmovetox=\dimen284
\tikz@lastmovetoy=\dimen285
\tikzleveldistance=\dimen286
\tikzsiblingdistance=\dimen287
\tikz@figbox=\box109
\tikz@figbox@bg=\box110
\tikz@tempbox=\box111
\tikz@tempbox@bg=\box112
\tikztreelevel=\count310
\tikznumberofchildren=\count311
\tikznumberofcurrentchild=\count312
\tikz@fig@count=\count313
 (c:/texlive/2023/texmf-dist/tex/generic/pgf/modules/pgfmodulematrix.code.tex
File: pgfmodulematrix.code.tex 2023-01-15 v3.1.10 (3.1.10)
\pgfmatrixcurrentrow=\count314
\pgfmatrixcurrentcolumn=\count315
\pgf@matrix@numberofcolumns=\count316
)
\tikz@expandcount=\count317
 (c:/texlive/2023/texmf-dist/tex/generic/pgf/frontendlayer/tikz/libraries/tikzlibrarytopaths.code.tex
File: tikzlibrarytopaths.code.tex 2023-01-15 v3.1.10 (3.1.10)
))) (c:/texlive/2023/texmf-dist/tex/latex/tkz-tab/tkz-tab.sty
Package: tkz-tab 2020/04/29 v2.12c variations (ctan version)
 (c:/texlive/2023/texmf-dist/tex/latex/base/ifthen.sty
Package: ifthen 2022/04/13 v1.1d Standard LaTeX ifthen package (DPC)
) (c:/texlive/2023/texmf-dist/tex/latex/xkeyval/xkeyval.sty
Package: xkeyval 2022/06/16 v2.9 package option processing (HA)
 (c:/texlive/2023/texmf-dist/tex/generic/xkeyval/xkeyval.tex (c:/texlive/2023/texmf-dist/tex/generic/xkeyval/xkvutils.tex
\XKV@toks=\toks43
\XKV@tempa@toks=\toks44
)
\XKV@depth=\count318
File: xkeyval.tex 2014/12/03 v2.7a key=value parser (HA)
)) (c:/texlive/2023/texmf-dist/tex/generic/pgf/frontendlayer/tikz/libraries/tikzlibraryarrows.code.tex
File: tikzlibraryarrows.code.tex 2023-01-15 v3.1.10 (3.1.10)
 (c:/texlive/2023/texmf-dist/tex/generic/pgf/libraries/pgflibraryarrows.code.tex
File: pgflibraryarrows.code.tex 2023-01-15 v3.1.10 (3.1.10)
\arrowsize=\dimen288
)) (c:/texlive/2023/texmf-dist/tex/generic/pgf/frontendlayer/tikz/libraries/tikzlibrarypatterns.code.tex
File: tikzlibrarypatterns.code.tex 2023-01-15 v3.1.10 (3.1.10)
 (c:/texlive/2023/texmf-dist/tex/generic/pgf/libraries/pgflibrarypatterns.code.tex
File: pgflibrarypatterns.code.tex 2023-01-15 v3.1.10 (3.1.10)
))
\tkz@XF=\dimen289
\tkz@YF=\dimen290
\c@tkz@cnt@line=\count319
\c@tkz@cnt@lg=\count320
\c@tkz@cnt@cl=\count321
\c@tkz@cnt@pred=\count322
\c@tkz@cnt@temp=\count323
\c@tkz@cnt@arrow=\count324
\c@tkz@cnt@zone=\count325
\c@tkz@cnt@lgnext=\count326
\c@tkz@cnt@clnext=\count327
\c@tkz@cnt@pair=\count328
\c@tkz@cnt@impair=\count329
\c@tkz@cnt@aw=\count330
) (c:/texlive/2023/texmf-dist/tex/latex/cleveref/cleveref.sty
Package: cleveref 2018/03/27 v0.21.4 Intelligent cross-referencing
Package cleveref Info: `amsthm' support loaded on input line 3026.
) (c:/texlive/2023/texmf-dist/tex/latex/lcg/lcg.sty
Package: lcg 2013/08/09 v1.3 generating random numbers
\f@rst=\count331
\l@st=\count332
\cr@nd=\count333
\c@rand=\count334

Smallest possible random number: 1
Largest possible random number: 2147483647
The pseudo random numbers will be stored in the LaTeX counter `rand'
) (c:/texlive/2023/texmf-dist/tex/latex/multido/multido.sty
Package: multido 2004/05/17 package wrapper for PSTricks `multido.tex', (HV/RN)
 (c:/texlive/2023/texmf-dist/tex/generic/multido/multido.tex  v1.42, 2010/05/14 <tvz>
\multido@count=\count335
\multidocount=\count336
\multido@stuff=\toks45
)
File: multido.tex 2010/05/14 v1.42 `multido' (tvz,hv)
) (c:/texlive/2023/texmf-dist/tex/latex/tools/array.sty
Package: array 2023/10/16 v2.5g Tabular extension package (FMi)
\col@sep=\dimen291
\ar@mcellbox=\box113
\extrarowheight=\dimen292
\NC@list=\toks46
\extratabsurround=\skip63
\backup@length=\skip64
\ar@cellbox=\box114
) (c:/texlive/2023/texmf-dist/tex/latex/titling/titling.sty
Package: titling 2009/09/04 v2.1d maketitle typesetting
\thanksmarkwidth=\skip65
\thanksmargin=\skip66
\droptitle=\skip67
) (c:/texlive/2023/texmf-dist/tex/latex/siunitx/siunitx.sty
Package: siunitx 2024-01-25 v3.3.10 A comprehensive (SI) units package
\l__siunitx_number_uncert_offset_int=\count337
\l__siunitx_number_exponent_fixed_int=\count338
\l__siunitx_number_min_decimal_int=\count339
\l__siunitx_number_min_integer_int=\count340
\l__siunitx_number_round_precision_int=\count341
\l__siunitx_number_lower_threshold_int=\count342
\l__siunitx_number_upper_threshold_int=\count343
\l__siunitx_number_group_first_int=\count344
\l__siunitx_number_group_size_int=\count345
\l__siunitx_number_group_minimum_int=\count346
\l__siunitx_angle_tmp_dim=\dimen293
\l__siunitx_angle_marker_box=\box115
\l__siunitx_angle_unit_box=\box116
\l__siunitx_compound_count_int=\count347
\l__siunitx_table_tmp_box=\box117
\l__siunitx_table_tmp_dim=\dimen294
\l__siunitx_table_column_width_dim=\dimen295
\l__siunitx_table_integer_box=\box118
\l__siunitx_table_decimal_box=\box119
\l__siunitx_table_uncert_box=\box120
\l__siunitx_table_before_box=\box121
\l__siunitx_table_after_box=\box122
\l__siunitx_table_before_dim=\dimen296
\l__siunitx_table_carry_dim=\dimen297
\l__siunitx_unit_tmp_int=\count348
\l__siunitx_unit_position_int=\count349
\l__siunitx_unit_total_int=\count350
) (c:/texlive/2023/texmf-dist/tex/latex/tools/xspace.sty
Package: xspace 2014/10/28 v1.13 Space after command names (DPC,MH)
) (c:/texlive/2023/texmf-dist/tex/latex/pdfpages/pdfpages.sty
Package: pdfpages 2024/01/21 v0.5y Insert pages of external PDF documents (AM)
 (c:/texlive/2023/texmf-dist/tex/latex/eso-pic/eso-pic.sty
Package: eso-pic 2023/05/03 v3.0c eso-pic (RN)
\ESO@tempdima=\dimen298
\ESO@tempdimb=\dimen299
)
\AM@pagewidth=\dimen300
\AM@pageheight=\dimen301
\AM@fboxrule=\dimen302
 (c:/texlive/2023/texmf-dist/tex/latex/pdfpages/pppdftex.def
File: pppdftex.def 2024/01/21 v0.5y Pdfpages driver for pdfTeX (AM)
)
\pdfpages@includegraphics@status=\count351
\AM@pagebox=\box123
\AM@global@opts=\toks47
\AM@pagecnt=\count352
\AM@toc@title=\toks48
\AM@lof@heading=\toks49
\c@AM@survey=\count353
\AM@templatesizebox=\box124
)
\c@definition=\count354
\c@proposition=\count355
) (c:/texlive/2023/texmf-dist/tex/latex/l3backend/l3backend-pdftex.def
File: l3backend-pdftex.def 2023-10-23 L3 backend support: PDF output (pdfTeX)
\l__color_backend_stack_int=\count356
\l__pdf_internal_box=\box125
) (./15_03_2024.aux)
\openout1 = `15_03_2024.aux'.

LaTeX Font Info:    Checking defaults for OML/cmm/m/it on input line 17.
LaTeX Font Info:    ... okay on input line 17.
LaTeX Font Info:    Checking defaults for OMS/cmsy/m/n on input line 17.
LaTeX Font Info:    ... okay on input line 17.
LaTeX Font Info:    Checking defaults for OT1/cmr/m/n on input line 17.
LaTeX Font Info:    ... okay on input line 17.
LaTeX Font Info:    Checking defaults for T1/cmr/m/n on input line 17.
LaTeX Font Info:    ... okay on input line 17.
LaTeX Font Info:    Checking defaults for TS1/cmr/m/n on input line 17.
LaTeX Font Info:    ... okay on input line 17.
LaTeX Font Info:    Checking defaults for OMX/cmex/m/n on input line 17.
LaTeX Font Info:    ... okay on input line 17.
LaTeX Font Info:    Checking defaults for U/cmr/m/n on input line 17.
LaTeX Font Info:    ... okay on input line 17.
LaTeX Info: Redefining \degres on input line 17.
Package french.ldf Info: Setting StandardItemizeEnv=true for
(french.ldf)             compatibility with enumitem package,
(french.ldf)             reported on input line 17.
Package french.ldf Info: Setting StandardEnumerateEnv=true for
(french.ldf)             compatibility with enumitem package,
(french.ldf)             reported on input line 17.
LaTeX Info: Redefining \up on input line 17.
 (c:/texlive/2023/texmf-dist/tex/context/base/mkii/supp-pdf.mkii
[Loading MPS to PDF converter (version 2006.09.02).]
\scratchcounter=\count357
\scratchdimen=\dimen303
\scratchbox=\box126
\nofMPsegments=\count358
\nofMParguments=\count359
\everyMPshowfont=\toks50
\MPscratchCnt=\count360
\MPscratchDim=\dimen304
\MPnumerator=\count361
\makeMPintoPDFobject=\count362
\everyMPtoPDFconversion=\toks51
) (c:/texlive/2023/texmf-dist/tex/latex/epstopdf-pkg/epstopdf-base.sty
Package: epstopdf-base 2020-01-24 v2.11 Base part for package epstopdf
Package epstopdf-base Info: Redefining graphics rule for `.eps' on input line 485.
 (c:/texlive/2023/texmf-dist/tex/latex/latexconfig/epstopdf-sys.cfg
File: epstopdf-sys.cfg 2010/07/13 v1.3 Configuration of (r)epstopdf for TeX Live
)) (c:/texlive/2023/texmf-dist/tex/latex/pdflscape/pdflscape.sty
Package: pdflscape 2022-10-27 v0.13 Display of landscape pages in PDF
 (c:/texlive/2023/texmf-dist/tex/latex/pdflscape/pdflscape-nometadata.sty
Package: pdflscape-nometadata 2022-10-28 v0.13 Display of landscape pages in PDF (HO)
 (c:/texlive/2023/texmf-dist/tex/generic/iftex/iftex.sty
Package: iftex 2022/02/03 v1.0f TeX engine tests
) (c:/texlive/2023/texmf-dist/tex/latex/graphics/lscape.sty
Package: lscape 2020/05/28 v3.02 Landscape Pages (DPC)
)
Package pdflscape Info: Auto-detected driver: pdftex on input line 81.
))
LaTeX Font Info:    Trying to load font information for U+msa on input line 18.
 (c:/texlive/2023/texmf-dist/tex/latex/amsfonts/umsa.fd
File: umsa.fd 2013/01/14 v3.01 AMS symbols A
)
LaTeX Font Info:    Trying to load font information for U+msb on input line 18.
 (c:/texlive/2023/texmf-dist/tex/latex/amsfonts/umsb.fd
File: umsb.fd 2013/01/14 v3.01 AMS symbols B
) [1

{c:/texlive/2023/texmf-var/fonts/map/pdftex/updmap/pdftex.map}]
Overfull \hbox (5.41019pt too wide) in paragraph at lines 49--50
[]\T1/cmr/m/n/10 Blanc $\OT1/cmr/m/n/10 (255\OML/cmm/m/it/10 ; \OT1/cmr/m/n/10 255\OML/cmm/m/it/10 ; \OT1/cmr/m/n/10 255)$ 
 []


Overfull \hbox (5.41019pt too wide) in paragraph at lines 51--51
[]\T1/cmr/m/n/10 Blanc $\OT1/cmr/m/n/10 (255\OML/cmm/m/it/10 ; \OT1/cmr/m/n/10 255\OML/cmm/m/it/10 ; \OT1/cmr/m/n/10 255)$ 
 []


Overfull \hbox (5.41019pt too wide) in paragraph at lines 51--51
[]\T1/cmr/m/n/10 Blanc $\OT1/cmr/m/n/10 (255\OML/cmm/m/it/10 ; \OT1/cmr/m/n/10 255\OML/cmm/m/it/10 ; \OT1/cmr/m/n/10 255)$ 
 []


Overfull \hbox (5.41019pt too wide) in paragraph at lines 51--51
[]\T1/cmr/m/n/10 Blanc $\OT1/cmr/m/n/10 (255\OML/cmm/m/it/10 ; \OT1/cmr/m/n/10 255\OML/cmm/m/it/10 ; \OT1/cmr/m/n/10 255)$ 
 []


Overfull \hbox (5.41019pt too wide) in paragraph at lines 51--52
[]\T1/cmr/m/n/10 Blanc $\OT1/cmr/m/n/10 (255\OML/cmm/m/it/10 ; \OT1/cmr/m/n/10 255\OML/cmm/m/it/10 ; \OT1/cmr/m/n/10 255)$ 
 []


Overfull \hbox (5.41019pt too wide) in paragraph at lines 53--53
[]\T1/cmr/m/n/10 Blanc $\OT1/cmr/m/n/10 (255\OML/cmm/m/it/10 ; \OT1/cmr/m/n/10 255\OML/cmm/m/it/10 ; \OT1/cmr/m/n/10 255)$ 
 []


Overfull \hbox (5.41019pt too wide) in paragraph at lines 53--54
[]\T1/cmr/m/n/10 Blanc $\OT1/cmr/m/n/10 (255\OML/cmm/m/it/10 ; \OT1/cmr/m/n/10 255\OML/cmm/m/it/10 ; \OT1/cmr/m/n/10 255)$ 
 []


Overfull \hbox (1.2433pt too wide) in paragraph at lines 54--55
[]\T1/cmr/m/n/10 Jaune $\OT1/cmr/m/n/10 (254\OML/cmm/m/it/10 ; \OT1/cmr/m/n/10 255\OML/cmm/m/it/10 ; \OT1/cmr/m/n/10 36)$ 
 []


Underfull \hbox (badness 10000) in paragraph at lines 55--56
[]\T1/cmr/m/n/10 Orange
 []


Overfull \hbox (5.41019pt too wide) in paragraph at lines 56--56
[]\T1/cmr/m/n/10 Blanc $\OT1/cmr/m/n/10 (255\OML/cmm/m/it/10 ; \OT1/cmr/m/n/10 255\OML/cmm/m/it/10 ; \OT1/cmr/m/n/10 255)$ 
 []


Overfull \hbox (5.41019pt too wide) in paragraph at lines 56--56
[]\T1/cmr/m/n/10 Blanc $\OT1/cmr/m/n/10 (255\OML/cmm/m/it/10 ; \OT1/cmr/m/n/10 255\OML/cmm/m/it/10 ; \OT1/cmr/m/n/10 255)$ 
 []


Overfull \hbox (5.41019pt too wide) in paragraph at lines 56--57
[]\T1/cmr/m/n/10 Blanc $\OT1/cmr/m/n/10 (255\OML/cmm/m/it/10 ; \OT1/cmr/m/n/10 255\OML/cmm/m/it/10 ; \OT1/cmr/m/n/10 255)$ 
 []


Underfull \hbox (badness 10000) in paragraph at lines 57--58
[]\T1/cmr/m/n/10 Orange
 []


Overfull \hbox (5.41019pt too wide) in paragraph at lines 58--58
[]\T1/cmr/m/n/10 Blanc $\OT1/cmr/m/n/10 (255\OML/cmm/m/it/10 ; \OT1/cmr/m/n/10 255\OML/cmm/m/it/10 ; \OT1/cmr/m/n/10 255)$ 
 []


Overfull \hbox (5.41019pt too wide) in paragraph at lines 58--58
[]\T1/cmr/m/n/10 Blanc $\OT1/cmr/m/n/10 (255\OML/cmm/m/it/10 ; \OT1/cmr/m/n/10 255\OML/cmm/m/it/10 ; \OT1/cmr/m/n/10 255)$ 
 []


Overfull \hbox (5.41019pt too wide) in paragraph at lines 58--59
[]\T1/cmr/m/n/10 Blanc $\OT1/cmr/m/n/10 (255\OML/cmm/m/it/10 ; \OT1/cmr/m/n/10 255\OML/cmm/m/it/10 ; \OT1/cmr/m/n/10 255)$ 
 []


Overfull \hbox (1.2433pt too wide) in paragraph at lines 59--59
[]\T1/cmr/m/n/10 Jaune $\OT1/cmr/m/n/10 (254\OML/cmm/m/it/10 ; \OT1/cmr/m/n/10 255\OML/cmm/m/it/10 ; \OT1/cmr/m/n/10 36)$ 
 []


Overfull \hbox (1.2433pt too wide) in paragraph at lines 59--59
[]\T1/cmr/m/n/10 Jaune $\OT1/cmr/m/n/10 (254\OML/cmm/m/it/10 ; \OT1/cmr/m/n/10 255\OML/cmm/m/it/10 ; \OT1/cmr/m/n/10 36)$ 
 []


Overfull \hbox (1.2433pt too wide) in paragraph at lines 59--59
[]\T1/cmr/m/n/10 Jaune $\OT1/cmr/m/n/10 (254\OML/cmm/m/it/10 ; \OT1/cmr/m/n/10 255\OML/cmm/m/it/10 ; \OT1/cmr/m/n/10 36)$ 
 []


Overfull \hbox (1.2433pt too wide) in paragraph at lines 59--60
[]\T1/cmr/m/n/10 Jaune $\OT1/cmr/m/n/10 (254\OML/cmm/m/it/10 ; \OT1/cmr/m/n/10 255\OML/cmm/m/it/10 ; \OT1/cmr/m/n/10 36)$ 
 []


Underfull \hbox (badness 10000) in paragraph at lines 60--61
[]\T1/cmr/m/n/10 Orange
 []


Underfull \hbox (badness 10000) in paragraph at lines 61--61
[]\T1/cmr/m/n/10 Orange
 []


Underfull \hbox (badness 10000) in paragraph at lines 61--62
[]\T1/cmr/m/n/10 Orange
 []


Overfull \hbox (5.41019pt too wide) in paragraph at lines 62--63
[]\T1/cmr/m/n/10 Blanc $\OT1/cmr/m/n/10 (255\OML/cmm/m/it/10 ; \OT1/cmr/m/n/10 255\OML/cmm/m/it/10 ; \OT1/cmr/m/n/10 255)$ 
 []


Overfull \hbox (1.2433pt too wide) in paragraph at lines 63--64
[]\T1/cmr/m/n/10 Jaune $\OT1/cmr/m/n/10 (254\OML/cmm/m/it/10 ; \OT1/cmr/m/n/10 255\OML/cmm/m/it/10 ; \OT1/cmr/m/n/10 36)$ 
 []


Overfull \hbox (1.2433pt too wide) in paragraph at lines 65--65
[]\T1/cmr/m/n/10 Jaune $\OT1/cmr/m/n/10 (254\OML/cmm/m/it/10 ; \OT1/cmr/m/n/10 255\OML/cmm/m/it/10 ; \OT1/cmr/m/n/10 36)$ 
 []


Overfull \hbox (1.2433pt too wide) in paragraph at lines 65--66
[]\T1/cmr/m/n/10 Jaune $\OT1/cmr/m/n/10 (254\OML/cmm/m/it/10 ; \OT1/cmr/m/n/10 255\OML/cmm/m/it/10 ; \OT1/cmr/m/n/10 36)$ 
 []


Underfull \hbox (badness 10000) in paragraph at lines 67--67
[]\T1/cmr/m/n/10 Orange
 []


Underfull \hbox (badness 10000) in paragraph at lines 67--68
[]\T1/cmr/m/n/10 Orange
 []


Overfull \hbox (5.41019pt too wide) in paragraph at lines 68--69
[]\T1/cmr/m/n/10 Blanc $\OT1/cmr/m/n/10 (255\OML/cmm/m/it/10 ; \OT1/cmr/m/n/10 255\OML/cmm/m/it/10 ; \OT1/cmr/m/n/10 255)$ 
 []


Overfull \hbox (1.2433pt too wide) in paragraph at lines 70--70
[]\T1/cmr/m/n/10 Jaune $\OT1/cmr/m/n/10 (254\OML/cmm/m/it/10 ; \OT1/cmr/m/n/10 255\OML/cmm/m/it/10 ; \OT1/cmr/m/n/10 36)$ 
 []


Overfull \hbox (1.2433pt too wide) in paragraph at lines 70--70
[]\T1/cmr/m/n/10 Jaune $\OT1/cmr/m/n/10 (254\OML/cmm/m/it/10 ; \OT1/cmr/m/n/10 255\OML/cmm/m/it/10 ; \OT1/cmr/m/n/10 36)$ 
 []


Overfull \hbox (1.2433pt too wide) in paragraph at lines 70--71
[]\T1/cmr/m/n/10 Jaune $\OT1/cmr/m/n/10 (254\OML/cmm/m/it/10 ; \OT1/cmr/m/n/10 255\OML/cmm/m/it/10 ; \OT1/cmr/m/n/10 36)$ 
 []


Underfull \hbox (badness 10000) in paragraph at lines 71--72
[]\T1/cmr/m/n/10 Orange
 []


Overfull \hbox (5.41019pt too wide) in paragraph at lines 72--73
[]\T1/cmr/m/n/10 Blanc $\OT1/cmr/m/n/10 (255\OML/cmm/m/it/10 ; \OT1/cmr/m/n/10 255\OML/cmm/m/it/10 ; \OT1/cmr/m/n/10 255)$ 
 []


Underfull \hbox (badness 10000) in paragraph at lines 73--74
[]\T1/cmr/m/n/10 Orange
 []


Overfull \hbox (5.41019pt too wide) in paragraph at lines 74--75
[]\T1/cmr/m/n/10 Blanc $\OT1/cmr/m/n/10 (255\OML/cmm/m/it/10 ; \OT1/cmr/m/n/10 255\OML/cmm/m/it/10 ; \OT1/cmr/m/n/10 255)$ 
 []


Overfull \hbox (1.2433pt too wide) in paragraph at lines 75--76
[]\T1/cmr/m/n/10 Jaune $\OT1/cmr/m/n/10 (254\OML/cmm/m/it/10 ; \OT1/cmr/m/n/10 255\OML/cmm/m/it/10 ; \OT1/cmr/m/n/10 36)$ 
 []


Underfull \hbox (badness 10000) in paragraph at lines 76--76
[]\T1/cmr/m/n/10 Orange
 []


Underfull \hbox (badness 10000) in paragraph at lines 76--76
[]\T1/cmr/m/n/10 Orange
 []


Underfull \hbox (badness 10000) in paragraph at lines 76--77
[]\T1/cmr/m/n/10 Orange
 []


Overfull \hbox (5.41019pt too wide) in paragraph at lines 77--78
[]\T1/cmr/m/n/10 Blanc $\OT1/cmr/m/n/10 (255\OML/cmm/m/it/10 ; \OT1/cmr/m/n/10 255\OML/cmm/m/it/10 ; \OT1/cmr/m/n/10 255)$ 
 []


Overfull \hbox (5.41019pt too wide) in paragraph at lines 78--79
[]\T1/cmr/m/n/10 Blanc $\OT1/cmr/m/n/10 (255\OML/cmm/m/it/10 ; \OT1/cmr/m/n/10 255\OML/cmm/m/it/10 ; \OT1/cmr/m/n/10 255)$ 
 []


Underfull \hbox (badness 10000) in paragraph at lines 79--80
[]\T1/cmr/m/n/10 Orange
 []


Overfull \hbox (1.2433pt too wide) in paragraph at lines 80--81
[]\T1/cmr/m/n/10 Jaune $\OT1/cmr/m/n/10 (254\OML/cmm/m/it/10 ; \OT1/cmr/m/n/10 255\OML/cmm/m/it/10 ; \OT1/cmr/m/n/10 36)$ 
 []


Underfull \hbox (badness 10000) in paragraph at lines 81--82
[]\T1/cmr/m/n/10 Orange
 []


Overfull \hbox (1.2433pt too wide) in paragraph at lines 82--83
[]\T1/cmr/m/n/10 Jaune $\OT1/cmr/m/n/10 (254\OML/cmm/m/it/10 ; \OT1/cmr/m/n/10 255\OML/cmm/m/it/10 ; \OT1/cmr/m/n/10 36)$ 
 []


Underfull \hbox (badness 10000) in paragraph at lines 83--84
[]\T1/cmr/m/n/10 Orange
 []


Overfull \hbox (1.2433pt too wide) in paragraph at lines 84--85
[]\T1/cmr/m/n/10 Jaune $\OT1/cmr/m/n/10 (254\OML/cmm/m/it/10 ; \OT1/cmr/m/n/10 255\OML/cmm/m/it/10 ; \OT1/cmr/m/n/10 36)$ 
 []


Overfull \hbox (5.41019pt too wide) in paragraph at lines 85--86
[]\T1/cmr/m/n/10 Blanc $\OT1/cmr/m/n/10 (255\OML/cmm/m/it/10 ; \OT1/cmr/m/n/10 255\OML/cmm/m/it/10 ; \OT1/cmr/m/n/10 255)$ 
 []


Overfull \hbox (5.41019pt too wide) in paragraph at lines 86--86
[]\T1/cmr/m/n/10 Blanc $\OT1/cmr/m/n/10 (255\OML/cmm/m/it/10 ; \OT1/cmr/m/n/10 255\OML/cmm/m/it/10 ; \OT1/cmr/m/n/10 255)$ 
 []


Overfull \hbox (5.41019pt too wide) in paragraph at lines 86--87
[]\T1/cmr/m/n/10 Blanc $\OT1/cmr/m/n/10 (255\OML/cmm/m/it/10 ; \OT1/cmr/m/n/10 255\OML/cmm/m/it/10 ; \OT1/cmr/m/n/10 255)$ 
 []


Overfull \hbox (1.2433pt too wide) in paragraph at lines 87--88
[]\T1/cmr/m/n/10 Jaune $\OT1/cmr/m/n/10 (254\OML/cmm/m/it/10 ; \OT1/cmr/m/n/10 255\OML/cmm/m/it/10 ; \OT1/cmr/m/n/10 36)$ 
 []


Underfull \hbox (badness 10000) in paragraph at lines 88--89
[]\T1/cmr/m/n/10 Orange
 []


Underfull \hbox (badness 10000) in paragraph at lines 89--89
[]\T1/cmr/m/n/10 Marron
 []


Underfull \hbox (badness 10000) in paragraph at lines 89--90
[]\T1/cmr/m/n/10 Marron
 []


Underfull \hbox (badness 10000) in paragraph at lines 90--91
[]\T1/cmr/m/n/10 Orange
 []


Overfull \hbox (5.41019pt too wide) in paragraph at lines 91--92
[]\T1/cmr/m/n/10 Blanc $\OT1/cmr/m/n/10 (255\OML/cmm/m/it/10 ; \OT1/cmr/m/n/10 255\OML/cmm/m/it/10 ; \OT1/cmr/m/n/10 255)$ 
 []

[2]
LaTeX Font Info:    Trying to load font information for T1+cmtt on input line 100.
 (c:/texlive/2023/texmf-dist/tex/latex/base/t1cmtt.fd
File: t1cmtt.fd 2023/04/13 v2.5m Standard LaTeX font definitions
) [3] (./15_03_2024.aux)
 ***********
LaTeX2e <2023-11-01>
L3 programming layer <2023-11-01>
 ***********
 ) 
Here is how much of TeX's memory you used:
 23115 strings out of 475723
 488845 string characters out of 5784383
 1950533 words of memory out of 5000000
 44751 multiletter control sequences out of 15000+600000
 570026 words of font info for 70 fonts, out of 8000000 for 9000
 319 hyphenation exceptions out of 8191
 117i,6n,121p,504b,533s stack positions out of 10000i,1000n,20000p,200000b,200000s
 <c:/Users/quentincanu/.texlive2023/texmf-var/fonts/pk/ljfour/jknappen/ec/ectt1000.600pk> <c:/Users/quentincanu/.texlive2023/texmf-var/fonts/pk/ljfour/jknappen/ec/ecbx1000.600pk> <c:/Users/quentincanu/.texlive2023/texmf-var/fonts/pk/ljfour/jknappen/ec/ecti1000.600pk> <c:/Users/quentincanu/.texlive2023/texmf-var/fonts/pk/ljfour/jknappen/ec/ecbx1440.600pk> <c:/Users/quentincanu/.texlive2023/texmf-var/fonts/pk/ljfour/jknappen/ec/ecrm1000.600pk> <c:/Users/quentincanu/.texlive2023/texmf-var/fonts/pk/ljfour/jknappen/ec/ecrm1200.600pk> <c:/Users/quentincanu/.texlive2023/texmf-var/fonts/pk/ljfour/jknappen/ec/ecrm1728.600pk><c:/texlive/2023/texmf-dist/fonts/type1/public/amsfonts/cm/cmmi10.pfb><c:/texlive/2023/texmf-dist/fonts/type1/public/amsfonts/cm/cmr10.pfb><c:/texlive/2023/texmf-dist/fonts/type1/public/amsfonts/cm/cmsy10.pfb>
Output written on 15_03_2024.pdf (3 pages, 85945 bytes).
PDF statistics:
 244 PDF objects out of 1000 (max. 8388607)
 48 compressed objects within 1 object stream
 0 named destinations out of 1000 (max. 500000)
 13 words of extra memory for PDF output out of 10000 (max. 10000000)

